# JRE version: OpenJDK Runtime Environment Temurin-25.0.2+10 (25.0.2+10) (build 25.0.2+10-LTS)
# Java VM: OpenJDK 64-Bit Server VM Temurin-25.0.2+10 (25.0.2+10-LTS, mixed mode, sharing, tiered, compressed oops, compressed class ptrs, serial gc, windows-amd64)
GC Precious Log:
 CardTable entry size: 512
 CPUs: 12 total, 12 available
 Memory: 16068M
 Large Page Support: Disabled
 NUMA Support: Disabled
 Compressed Oops: Enabled (32-bit)
 Heap Min Capacity: 8M
 Heap Initial Capacity: 8M
 Heap Max Capacity: 256M
 Pre-touch: Disabled
Heap:
 DefNew     total 2432K, used 2362K [0x00000000f0000000, 0x00000000f02a0000, 0x00000000f5550000)
  eden space 2176K,  96% used [0x00000000f0000000, 0x00000000f020e900, 0x00000000f0220000)
  from space 256K, 100% used [0x00000000f0260000, 0x00000000f02a0000, 0x00000000f02a0000)
  to   space 256K,   0% used [0x00000000f0220000, 0x00000000f0220000, 0x00000000f0260000)
 Tenured    total 10496K, used 10449K [0x00000000f5550000, 0x00000000f5f90000, 0x0000000100000000)
  the  space 10496K,  99% used [0x00000000f5550000, 0x00000000f5f844d8, 0x00000000f5f90000)
GC Heap Usage History (20 events):
Event: 0.702 {heap Before GC invocations=10 (full 0):
 DefNew     total 2432K, used 2431K [0x00000000f0000000, 0x00000000f02a0000, 0x00000000f5550000)
  eden space 2176K, 100% used [0x00000000f0000000, 0x00000000f0220000, 0x00000000f0220000)
  from space 256K,  99% used [0x00000000f0220000, 0x00000000f025fff8, 0x00000000f0260000)
  to   space 256K,   0% used [0x00000000f0260000, 0x00000000f0260000, 0x00000000f02a0000)
 Tenured    total 6080K, used 5915K [0x00000000f5550000, 0x00000000f5b40000, 0x0000000100000000)
  theEvent: 0.705 {heap After GC invocations=11 (full 0):
 DefNew     total 2432K, used 256K [0x00000000f0000000, 0x00000000f02a0000, 0x00000000f5550000)
  eden space 2176K,   0% used [0x00000000f0000000, 0x00000000f0000000, 0x00000000f0220000)
  from space 256K, 100% used [0x00000000f0260000, 0x00000000f02a0000, 0x00000000f02a0000)
  to   space 256K,   0% used [0x00000000f0220000, 0x00000000f0220000, 0x00000000f0260000)
 Tenured    total 6272K, used 6233K [0x00000000f5550000, 0x00000000f5b70000, 0x0000000100000000)
  the  Event: 0.749 {heap Before GC invocations=11 (full 0):
 DefNew     total 2432K, used 2432K [0x00000000f0000000, 0x00000000f02a0000, 0x00000000f5550000)
  eden space 2176K, 100% used [0x00000000f0000000, 0x00000000f0220000, 0x00000000f0220000)
  from space 256K, 100% used [0x00000000f0260000, 0x00000000f02a0000, 0x00000000f02a0000)
  to   space 256K,   0% used [0x00000000f0220000, 0x00000000f0220000, 0x00000000f0260000)
 Tenured    total 6272K, used 6233K [0x00000000f5550000, 0x00000000f5b70000, 0x0000000100000000)
  theEvent: 0.754 {heap After GC invocations=12 (full 0):
 DefNew     total 2432K, used 256K [0x00000000f0000000, 0x00000000f02a0000, 0x00000000f5550000)
  eden space 2176K,   0% used [0x00000000f0000000, 0x00000000f0000000, 0x00000000f0220000)
  from space 256K, 100% used [0x00000000f0220000, 0x00000000f0260000, 0x00000000f0260000)
  to   space 256K,   0% used [0x00000000f0260000, 0x00000000f0260000, 0x00000000f02a0000)
 Tenured    total 6848K, used 6689K [0x00000000f5550000, 0x00000000f5c00000, 0x0000000100000000)
  the  Event: 0.763 {heap Before GC invocations=12 (full 0):
 DefNew     total 2432K, used 2432K [0x00000000f0000000, 0x00000000f02a0000, 0x00000000f5550000)
  eden space 2176K, 100% used [0x00000000f0000000, 0x00000000f0220000, 0x00000000f0220000)
  from space 256K, 100% used [0x00000000f0220000, 0x00000000f0260000, 0x00000000f0260000)
  to   space 256K,   0% used [0x00000000f0260000, 0x00000000f0260000, 0x00000000f02a0000)
 Tenured    total 6848K, used 6689K [0x00000000f5550000, 0x00000000f5c00000, 0x0000000100000000)
  theEvent: 0.766 {heap After GC invocations=13 (full 0):
 DefNew     total 2432K, used 255K [0x00000000f0000000, 0x00000000f02a0000, 0x00000000f5550000)
  eden space 2176K,   0% used [0x00000000f0000000, 0x00000000f0000000, 0x00000000f0220000)
  from space 256K,  99% used [0x00000000f0260000, 0x00000000f029fff8, 0x00000000f02a0000)
  to   space 256K,   0% used [0x00000000f0220000, 0x00000000f0220000, 0x00000000f0260000)
 Tenured    total 7232K, used 7044K [0x00000000f5550000, 0x00000000f5c60000, 0x0000000100000000)
  the  Event: 0.773 {heap Before GC invocations=13 (full 0):
 DefNew     total 2432K, used 2431K [0x00000000f0000000, 0x00000000f02a0000, 0x00000000f5550000)
  eden space 2176K, 100% used [0x00000000f0000000, 0x00000000f0220000, 0x00000000f0220000)
  from space 256K,  99% used [0x00000000f0260000, 0x00000000f029fff8, 0x00000000f02a0000)
  to   space 256K,   0% used [0x00000000f0220000, 0x00000000f0220000, 0x00000000f0260000)
 Tenured    total 7232K, used 7044K [0x00000000f5550000, 0x00000000f5c60000, 0x0000000100000000)
  theEvent: 0.776 {heap After GC invocations=14 (full 0):
 DefNew     total 2432K, used 255K [0x00000000f0000000, 0x00000000f02a0000, 0x00000000f5550000)
  eden space 2176K,   0% used [0x00000000f0000000, 0x00000000f0000000, 0x00000000f0220000)
  from space 256K,  99% used [0x00000000f0220000, 0x00000000f025fff8, 0x00000000f0260000)
  to   space 256K,   0% used [0x00000000f0260000, 0x00000000f0260000, 0x00000000f02a0000)
 Tenured    total 7424K, used 7415K [0x00000000f5550000, 0x00000000f5c90000, 0x0000000100000000)
  the  Event: 0.805 {heap Before GC invocations=14 (full 0):
 DefNew     total 2432K, used 2431K [0x00000000f0000000, 0x00000000f02a0000, 0x00000000f5550000)
  eden space 2176K, 100% used [0x00000000f0000000, 0x00000000f0220000, 0x00000000f0220000)
  from space 256K,  99% used [0x00000000f0220000, 0x00000000f025fff8, 0x00000000f0260000)
  to   space 256K,   0% used [0x00000000f0260000, 0x00000000f0260000, 0x00000000f02a0000)
 Tenured    total 7424K, used 7415K [0x00000000f5550000, 0x00000000f5c90000, 0x0000000100000000)
  theEvent: 0.808 {heap After GC invocations=15 (full 0):
 DefNew     total 2432K, used 255K [0x00000000f0000000, 0x00000000f02a0000, 0x00000000f5550000)
  eden space 2176K,   0% used [0x00000000f0000000, 0x00000000f0000000, 0x00000000f0220000)
  from space 256K,  99% used [0x00000000f0260000, 0x00000000f029fff8, 0x00000000f02a0000)
  to   space 256K,   0% used [0x00000000f0220000, 0x00000000f0220000, 0x00000000f0260000)
 Tenured    total 8000K, used 7810K [0x00000000f5550000, 0x00000000f5d20000, 0x0000000100000000)
  the  Event: 0.826 {heap Before GC invocations=15 (full 0):
 DefNew     total 2432K, used 2431K [0x00000000f0000000, 0x00000000f02a0000, 0x00000000f5550000)
  eden space 2176K, 100% used [0x00000000f0000000, 0x00000000f0220000, 0x00000000f0220000)
  from space 256K,  99% used [0x00000000f0260000, 0x00000000f029fff8, 0x00000000f02a0000)
  to   space 256K,   0% used [0x00000000f0220000, 0x00000000f0220000, 0x00000000f0260000)
 Tenured    total 8000K, used 7810K [0x00000000f5550000, 0x00000000f5d20000, 0x0000000100000000)
  theEvent: 0.829 {heap After GC invocations=16 (full 0):
 DefNew     total 2432K, used 256K [0x00000000f0000000, 0x00000000f02a0000, 0x00000000f5550000)
  eden space 2176K,   0% used [0x00000000f0000000, 0x00000000f0000000, 0x00000000f0220000)
  from space 256K, 100% used [0x00000000f0220000, 0x00000000f0260000, 0x00000000f0260000)
  to   space 256K,   0% used [0x00000000f0260000, 0x00000000f0260000, 0x00000000f02a0000)
 Tenured    total 8192K, used 8125K [0x00000000f5550000, 0x00000000f5d50000, 0x0000000100000000)
  the  Event: 0.837 {heap Before GC invocations=16 (full 0):
 DefNew     total 2432K, used 2432K [0x00000000f0000000, 0x00000000f02a0000, 0x00000000f5550000)
  eden space 2176K, 100% used [0x00000000f0000000, 0x00000000f0220000, 0x00000000f0220000)
  from space 256K, 100% used [0x00000000f0220000, 0x00000000f0260000, 0x00000000f0260000)
  to   space 256K,   0% used [0x00000000f0260000, 0x00000000f0260000, 0x00000000f02a0000)
 Tenured    total 8192K, used 8125K [0x00000000f5550000, 0x00000000f5d50000, 0x0000000100000000)
  theEvent: 0.839 {heap After GC invocations=17 (full 0):
 DefNew     total 2432K, used 256K [0x00000000f0000000, 0x00000000f02a0000, 0x00000000f5550000)
  eden space 2176K,   0% used [0x00000000f0000000, 0x00000000f0000000, 0x00000000f0220000)
  from space 256K, 100% used [0x00000000f0260000, 0x00000000f02a0000, 0x00000000f02a0000)
  to   space 256K,   0% used [0x00000000f0220000, 0x00000000f0220000, 0x00000000f0260000)
 Tenured    total 8576K, used 8446K [0x00000000f5550000, 0x00000000f5db0000, 0x0000000100000000)
  the  Event: 0.847 {heap Before GC invocations=17 (full 0):
 DefNew     total 2432K, used 2432K [0x00000000f0000000, 0x00000000f02a0000, 0x00000000f5550000)
  eden space 2176K, 100% used [0x00000000f0000000, 0x00000000f0220000, 0x00000000f0220000)
  from space 256K, 100% used [0x00000000f0260000, 0x00000000f02a0000, 0x00000000f02a0000)
  to   space 256K,   0% used [0x00000000f0220000, 0x00000000f0220000, 0x00000000f0260000)
 Tenured    total 8576K, used 8446K [0x00000000f5550000, 0x00000000f5db0000, 0x0000000100000000)
  theEvent: 0.850 {heap After GC invocations=18 (full 0):
 DefNew     total 2432K, used 255K [0x00000000f0000000, 0x00000000f02a0000, 0x00000000f5550000)
  eden space 2176K,   0% used [0x00000000f0000000, 0x00000000f0000000, 0x00000000f0220000)
  from space 256K,  99% used [0x00000000f0220000, 0x00000000f025fff8, 0x00000000f0260000)
  to   space 256K,   0% used [0x00000000f0260000, 0x00000000f0260000, 0x00000000f02a0000)
 Tenured    total 8960K, used 8876K [0x00000000f5550000, 0x00000000f5e10000, 0x0000000100000000)
  the  Event: 0.864 {heap Before GC invocations=18 (full 0):
 DefNew     total 2432K, used 2385K [0x00000000f0000000, 0x00000000f02a0000, 0x00000000f5550000)
  eden space 2176K,  97% used [0x00000000f0000000, 0x00000000f02145c0, 0x00000000f0220000)
  from space 256K,  99% used [0x00000000f0220000, 0x00000000f025fff8, 0x00000000f0260000)
  to   space 256K,   0% used [0x00000000f0260000, 0x00000000f0260000, 0x00000000f02a0000)
 Tenured    total 8960K, used 8876K [0x00000000f5550000, 0x00000000f5e10000, 0x0000000100000000)
  theEvent: 0.868 {heap After GC invocations=19 (full 0):
 DefNew     total 2432K, used 256K [0x00000000f0000000, 0x00000000f02a0000, 0x00000000f5550000)
  eden space 2176K,   0% used [0x00000000f0000000, 0x00000000f0000000, 0x00000000f0220000)
  from space 256K, 100% used [0x00000000f0260000, 0x00000000f02a0000, 0x00000000f02a0000)
  to   space 256K,   0% used [0x00000000f0220000, 0x00000000f0220000, 0x00000000f0260000)
 Tenured    total 9728K, used 9586K [0x00000000f5550000, 0x00000000f5ed0000, 0x0000000100000000)
  the  Event: 0.900 {heap Before GC invocations=19 (full 0):
 DefNew     total 2432K, used 2432K [0x00000000f0000000, 0x00000000f02a0000, 0x00000000f5550000)
  eden space 2176K, 100% used [0x00000000f0000000, 0x00000000f0220000, 0x00000000f0220000)
  from space 256K, 100% used [0x00000000f0260000, 0x00000000f02a0000, 0x00000000f02a0000)
  to   space 256K,   0% used [0x00000000f0220000, 0x00000000f0220000, 0x00000000f0260000)
 Tenured    total 9728K, used 9586K [0x00000000f5550000, 0x00000000f5ed0000, 0x0000000100000000)
  theEvent: 0.904 {heap After GC invocations=20 (full 0):
 DefNew     total 2432K, used 256K [0x00000000f0000000, 0x00000000f02a0000, 0x00000000f5550000)
  eden space 2176K,   0% used [0x00000000f0000000, 0x00000000f0000000, 0x00000000f0220000)
  from space 256K, 100% used [0x00000000f0220000, 0x00000000f0260000, 0x00000000f0260000)
  to   space 256K,   0% used [0x00000000f0260000, 0x00000000f0260000, 0x00000000f02a0000)
 Tenured    total 10304K, used 10160K [0x00000000f5550000, 0x00000000f5f60000, 0x0000000100000000)
  the
Metaspace Usage History (20 events):
Event: 0.702 {metaspace Before GC invocations=10 (full 0):
 Metaspace       used 9373K, committed 9536K, reserved 1114112K
  class space    used 1097K, committed 1152K, reserved 1048576K
}
Event: 0.705 {metaspace After GC invocations=11 (full 0):
 Metaspace       used 9373K, committed 9536K, reserved 1114112K
  class space    used 1097K, committed 1152K, reserved 1048576K
}
Event: 0.749 {metaspace Before GC invocations=11 (full 0):
 Metaspace       used 9425K, committed 9600K, reserved 1114112K
  class space    used 1098K, committed 1152K, reserved 1048576K
}
Event: 0.754 {metaspace After GC invocations=12 (full 0):
 Metaspace       used 9425K, committed 9600K, reserved 1114112K
  class space    used 1098K, committed 1152K, reserved 1048576K
}
Event: 0.763 {metaspace Before GC invocations=12 (full 0):
 Metaspace       used 9425K, committed 9600K, reserved 1114112K
  class space    used 1098K, committed 1152K, reserved 1048576K
}
Event: 0.766 {metaspace After GC invocations=13 (full 0):
 Metaspace       used 9425K, committed 9600K, reserved 1114112K
  class space    used 1098K, committed 1152K, reserved 1048576K
}
Event: 0.773 {metaspace Before GC invocations=13 (full 0):
 Metaspace       used 9426K, committed 9600K, reserved 1114112K
  class space    used 1098K, committed 1152K, reserved 1048576K
}
Event: 0.776 {metaspace After GC invocations=14 (full 0):
 Metaspace       used 9426K, committed 9600K, reserved 1114112K
  class space    used 1098K, committed 1152K, reserved 1048576K
}
Event: 0.805 {metaspace Before GC invocations=14 (full 0):
 Metaspace       used 9455K, committed 9664K, reserved 1114112K
  class space    used 1102K, committed 1216K, reserved 1048576K
}
Event: 0.808 {metaspace After GC invocations=15 (full 0):
 Metaspace       used 9455K, committed 9664K, reserved 1114112K
  class space    used 1102K, committed 1216K, reserved 1048576K
}
Event: 0.826 {metaspace Before GC invocations=15 (full 0):
 Metaspace       used 9482K, committed 9664K, reserved 1114112K
  class space    used 1102K, committed 1216K, reserved 1048576K
}
Event: 0.829 {metaspace After GC invocations=16 (full 0):
 Metaspace       used 9482K, committed 9664K, reserved 1114112K
  class space    used 1102K, committed 1216K, reserved 1048576K
}
Event: 0.837 {metaspace Before GC invocations=16 (full 0):
 Metaspace       used 9483K, committed 9664K, reserved 1114112K
  class space    used 1102K, committed 1216K, reserved 1048576K
}
Event: 0.839 {metaspace After GC invocations=17 (full 0):
 Metaspace       used 9483K, committed 9664K, reserved 1114112K
  class space    used 1102K, committed 1216K, reserved 1048576K
}
Event: 0.847 {metaspace Before GC invocations=17 (full 0):
 Metaspace       used 9483K, committed 9664K, reserved 1114112K
  class space    used 1102K, committed 1216K, reserved 1048576K
}
Event: 0.850 {metaspace After GC invocations=18 (full 0):
 Metaspace       used 9483K, committed 9664K, reserved 1114112K
  class space    used 1102K, committed 1216K, reserved 1048576K
}
Event: 0.864 {metaspace Before GC invocations=18 (full 0):
 Metaspace       used 9507K, committed 9664K, reserved 1114112K
  class space    used 1102K, committed 1216K, reserved 1048576K
}
Event: 0.868 {metaspace After GC invocations=19 (full 0):
 Metaspace       used 9507K, committed 9664K, reserved 1114112K
  class space    used 1102K, committed 1216K, reserved 1048576K
}
Event: 0.900 {metaspace Before GC invocations=19 (full 0):
 Metaspace       used 9579K, committed 9792K, reserved 1114112K
  class space    used 1103K, committed 1216K, reserved 1048576K
}
Event: 0.904 {metaspace After GC invocations=20 (full 0):
 Metaspace       used 9579K, committed 9792K, reserved 1114112K
  class space    used 1103K, committed 1216K, reserved 1048576K
}

